SF:lib/core/utils/validator.dart
DA:2,2
DA:6,2
DA:9,2
DA:15,2
DA:19,2
DA:22,2
LF:6
LH:6
end_of_record
SF:lib/core/error/failures.dart
DA:4,3
DA:6,1
DA:7,1
DA:11,2
DA:12,2
LF:5
LH:5
end_of_record
SF:lib/core/network_info.dart
DA:10,2
DA:12,1
DA:13,2
LF:3
LH:3
end_of_record
SF:lib/features/login/data/datasources/login_remote_data_source.dart
DA:19,2
DA:21,1
DA:23,4
DA:24,1
DA:25,1
DA:26,1
DA:29,2
DA:30,2
DA:32,2
DA:33,2
DA:36,0
LF:11
LH:10
end_of_record
SF:lib/features/login/data/models/login_response_model.dart
DA:10,4
DA:11,4
DA:13,9
DA:15,0
DA:17,6
DA:18,9
DA:19,5
DA:22,2
DA:23,1
DA:24,1
DA:25,1
DA:26,1
DA:27,2
DA:28,2
DA:37,4
DA:39,1
DA:40,1
DA:41,1
DA:42,1
LF:19
LH:18
end_of_record
SF:lib/features/login/data/models/user_model.dart
DA:6,4
DA:15,4
DA:17,2
DA:18,1
DA:19,1
LF:5
LH:5
end_of_record
SF:lib/features/login/data/repositories/login_repository_impl.dart
DA:18,2
DA:20,1
DA:22,2
DA:24,2
DA:25,1
DA:26,1
DA:27,2
DA:31,0
LF:8
LH:7
end_of_record
SF:lib/features/login/domain/entities/login_response.dart
DA:9,4
DA:11,0
DA:12,0
DA:19,3
LF:4
LH:2
end_of_record
SF:lib/features/login/domain/entities/user.dart
DA:4,6
DA:12,1
DA:13,1
DA:14,2
LF:4
LH:4
end_of_record
SF:lib/features/login/presentation/pages/home_page.dart
DA:5,1
DA:7,1
DA:9,1
DA:10,1
DA:11,1
LF:5
LH:5
end_of_record
SF:lib/features/login/domain/usecases/login_use_case.dart
DA:7,2
DA:9,1
DA:11,2
DA:12,1
DA:14,1
DA:15,1
LF:6
LH:6
end_of_record
SF:lib/features/login/presentation/notifier/login_notifier.dart
DA:13,6
DA:15,1
DA:17,2
DA:19,3
DA:21,3
DA:24,0
LF:6
LH:5
end_of_record
SF:lib/features/login/presentation/notifier/login_state.dart
DA:5,3
DA:7,2
DA:8,2
DA:9,1
DA:10,2
LF:5
LH:5
end_of_record
SF:lib/features/login/presentation/pages/login_screen.dart
DA:11,1
DA:17,1
DA:19,3
DA:21,2
DA:22,0
DA:23,0
DA:26,0
DA:30,1
DA:31,3
DA:32,0
DA:33,0
DA:35,0
DA:36,0
DA:40,1
DA:41,1
DA:44,1
DA:45,1
DA:46,1
DA:47,1
DA:48,1
DA:50,1
DA:51,1
DA:53,2
DA:56,1
DA:58,1
DA:59,1
DA:64,2
DA:67,1
DA:68,1
DA:69,1
LF:30
LH:23
end_of_record
SF:lib/core/providers.dart
DA:12,6
DA:14,6
DA:16,4
DA:17,2
DA:18,2
DA:20,1
DA:23,7
DA:25,7
LF:8
LH:8
end_of_record
